2021-08-19 16:01:37 INFO  Log:25 - ------- Начало теста: Проверка создания таблицы в БД -------
2021-08-19 16:01:37 INFO  Log:25 - Подключаемся к базе данных world
2021-08-19 16:01:40 INFO  Log:25 - Подключение к базе данных прошло успешно
2021-08-19 16:01:40 INFO  Log:25 - Подключаемся к базе данных world
2021-08-19 16:01:40 INFO  Log:25 - Подключение к базе данных прошло успешно
2021-08-19 16:01:40 INFO  Log:25 - Отправление запроса к БД
2021-08-19 16:01:40 INFO  Log:25 - Таблица создалась успешно
2021-08-19 16:01:40 INFO  Log:25 - Соединение к базе данных закрылось
2021-08-19 16:01:40 INFO  Log:25 - Заявление успешно закрылось
2021-08-19 16:01:40 INFO  Log:25 - ------- Тест завершен: Проверка создания таблицы в БД -------
2021-08-19 16:05:49 INFO  Log:25 - ------- Начало теста: Проверка создания таблицы в БД -------
2021-08-19 16:05:49 INFO  Log:25 - Подключаемся к базе данных world
2021-08-19 16:05:51 INFO  Log:25 - Подключение к базе данных прошло успешно
2021-08-19 16:05:51 INFO  Log:25 - Подключаемся к базе данных world
2021-08-19 16:05:51 INFO  Log:25 - Подключение к базе данных прошло успешно
2021-08-19 16:05:51 INFO  Log:25 - Отправление запроса к БД
2021-08-19 16:05:51 ERROR Log:46 - Таблица не создолась 
Table 'continents' already exists
2021-08-19 16:05:51 INFO  Log:25 - Соединение к базе данных закрылось
2021-08-19 16:05:51 INFO  Log:25 - Заявление успешно закрылось
2021-08-19 16:05:51 INFO  Log:25 - ------- Тест завершен: Проверка создания таблицы в БД -------
2021-08-19 17:10:56 INFO  Log:25 - ------- Начало теста: Проверка создания таблицы в БД -------
2021-08-19 17:10:56 INFO  Log:25 - Подключаемся к базе данных world
2021-08-19 17:10:59 INFO  Log:25 - Подключение к базе данных прошло успешно
2021-08-19 17:10:59 INFO  Log:25 - Подключаемся к базе данных world
2021-08-19 17:10:59 INFO  Log:25 - Подключение к базе данных прошло успешно
2021-08-19 17:10:59 INFO  Log:25 - Отправление запроса к БД
2021-08-19 17:10:59 INFO  Log:25 - Таблица создалась успешно
2021-08-19 17:10:59 INFO  Log:25 - Соединение к базе данных закрылось
2021-08-19 17:10:59 INFO  Log:25 - Заявление успешно закрылось
2021-08-19 17:10:59 INFO  Log:25 - ------- Тест завершен: Проверка создания таблицы в БД -------
2021-08-19 17:10:59 INFO  Log:25 - ------- Начало теста: Проверка удаления таблицы из БД -------
2021-08-19 17:10:59 INFO  Log:25 - Подключаемся к базе данных world
2021-08-19 17:10:59 INFO  Log:25 - Подключение к базе данных прошло успешно
2021-08-19 17:10:59 INFO  Log:25 - Подключаемся к базе данных world
2021-08-19 17:10:59 INFO  Log:25 - Подключение к базе данных прошло успешно
2021-08-19 17:10:59 INFO  Log:25 - Отправление запроса к БД
2021-08-19 17:10:59 INFO  Log:25 - Таблица создалась успешно
2021-08-19 17:10:59 INFO  Log:25 - Соединение к базе данных закрылось
2021-08-19 17:10:59 INFO  Log:25 - Заявление успешно закрылось
2021-08-19 17:10:59 INFO  Log:25 - ------- Тест завершен: Проверка удаления таблицы из БД -------
2021-08-19 17:14:05 INFO  Log:25 - ------- Начало теста: Проверка создания таблицы в БД -------
2021-08-19 17:14:05 INFO  Log:25 - Подключаемся к базе данных world
2021-08-19 17:14:08 INFO  Log:25 - Подключение к базе данных прошло успешно
2021-08-19 17:14:08 INFO  Log:25 - Подключаемся к базе данных world
2021-08-19 17:14:08 INFO  Log:25 - Подключение к базе данных прошло успешно
2021-08-19 17:14:08 INFO  Log:25 - Отправление запроса к БД
2021-08-19 17:14:08 INFO  Log:25 - Таблица создана успешно
2021-08-19 17:14:08 INFO  Log:25 - Соединение к базе данных закрылось
2021-08-19 17:14:08 INFO  Log:25 - Заявление успешно закрылось
2021-08-19 17:14:08 INFO  Log:25 - ------- Тест завершен: Проверка создания таблицы в БД -------
2021-08-19 17:17:53 INFO  Log:25 - ------- Начало теста: Проверка создания таблицы в БД -------
2021-08-19 17:17:53 INFO  Log:25 - Подключаемся к базе данных world
2021-08-19 17:17:55 INFO  Log:25 - Подключение к базе данных прошло успешно
2021-08-19 17:17:55 INFO  Log:25 - Подключаемся к базе данных world
2021-08-19 17:17:56 INFO  Log:25 - Подключение к базе данных прошло успешно
2021-08-19 17:17:56 INFO  Log:25 - Отправление запроса к БД
2021-08-19 17:17:56 INFO  Log:25 - Таблица создана успешно
2021-08-19 17:17:56 INFO  Log:25 - Соединение к базе данных закрылось
2021-08-19 17:17:56 INFO  Log:25 - Заявление успешно закрылось
2021-08-19 17:17:56 INFO  Log:25 - ------- Тест завершен: Проверка создания таблицы в БД -------
2021-08-19 17:17:56 INFO  Log:25 - ------- Начало теста: Проверка удаления таблицы из БД -------
2021-08-19 17:17:56 INFO  Log:25 - Подключаемся к базе данных world
2021-08-19 17:17:56 INFO  Log:25 - Подключение к базе данных прошло успешно
2021-08-19 17:17:56 INFO  Log:25 - Подключаемся к базе данных world
2021-08-19 17:17:56 INFO  Log:25 - Подключение к базе данных прошло успешно
2021-08-19 17:17:56 INFO  Log:25 - Отправление запроса к БД на удаление таблицы
2021-08-19 17:17:56 INFO  Log:25 - Таблица удалена
2021-08-19 17:17:56 INFO  Log:25 - Соединение к базе данных закрылось
2021-08-19 17:17:56 INFO  Log:25 - Заявление успешно закрылось
2021-08-19 17:17:56 INFO  Log:25 - ------- Тест завершен: Проверка удаления таблицы из БД -------
2021-08-19 17:40:38 INFO  Log:25 - ------- Начало теста: Проверка создания таблицы в БД -------
2021-08-19 17:40:38 INFO  Log:25 - Подключаемся к базе данных world
2021-08-19 17:40:41 INFO  Log:25 - Подключение к базе данных прошло успешно
2021-08-19 17:40:41 INFO  Log:25 - Подключаемся к базе данных world
2021-08-19 17:40:41 INFO  Log:25 - Подключение к базе данных прошло успешно
2021-08-19 17:40:41 INFO  Log:25 - Отправление запроса к БД
2021-08-19 17:40:41 INFO  Log:25 - Таблица создана успешно
2021-08-19 17:40:41 INFO  Log:25 - Соединение к базе данных закрыто
2021-08-19 17:40:41 INFO  Log:25 - Заявление успешно закрылось
2021-08-19 17:40:41 INFO  Log:25 - ------- Тест завершен: Проверка создания таблицы в БД -------
2021-08-19 17:40:41 INFO  Log:25 - ------- Начало теста: Отправка INSERT запроса -------
2021-08-19 17:40:41 INFO  Log:25 - Подключаемся к базе данных world
2021-08-19 17:40:41 INFO  Log:25 - Подключение к базе данных прошло успешно
2021-08-19 17:40:41 INFO  Log:25 - Подключаемся к базе данных world
2021-08-19 17:40:41 INFO  Log:25 - Подключение к базе данных прошло успешно
2021-08-19 17:40:41 INFO  Log:25 - Send request to DB: INSERT INTO continents (ID, NAME_MAINLAND, SQUARE, PERCENT) VALUES (1, 'Europe', '11,5', '8%')
2021-08-19 17:40:42 ERROR Log:46 - New data was not inserted into table. Reason:
Data truncated for column 'SQUARE' at row 1
2021-08-19 17:40:42 INFO  Log:25 - Подключаемся к базе данных world
2021-08-19 17:40:42 INFO  Log:25 - Подключение к базе данных прошло успешно
2021-08-19 17:40:42 INFO  Log:25 - Send request to DB: SELECT * FROM continents
2021-08-19 17:40:42 INFO  Log:25 - Подключаемся к базе данных world
2021-08-19 17:40:42 INFO  Log:25 - Подключение к базе данных прошло успешно
2021-08-19 17:40:43 INFO  Log:25 - Request results:

2021-08-19 17:40:43 INFO  Log:25 - Соединение к базе данных закрыто
2021-08-19 17:40:43 INFO  Log:25 - Набор результатов успешно закрыт
2021-08-19 17:40:43 INFO  Log:25 - Заявление успешно закрылось
2021-08-19 17:40:43 INFO  Log:25 - ------- Тест завершен: Отправка INSERT запроса -------
2021-08-19 17:46:19 INFO  Log:25 - ------- Начало теста: Проверка создания таблицы в БД -------
2021-08-19 17:46:19 INFO  Log:25 - Подключаемся к базе данных world
2021-08-19 17:46:21 INFO  Log:25 - Подключение к базе данных прошло успешно
2021-08-19 17:46:21 INFO  Log:25 - Подключаемся к базе данных world
2021-08-19 17:46:21 INFO  Log:25 - Подключение к базе данных прошло успешно
2021-08-19 17:46:21 INFO  Log:25 - Отправление запроса к БД
2021-08-19 17:46:21 INFO  Log:25 - Таблица создана успешно
2021-08-19 17:46:21 INFO  Log:25 - Соединение к базе данных закрыто
2021-08-19 17:46:21 INFO  Log:25 - Заявление успешно закрылось
2021-08-19 17:46:21 INFO  Log:25 - ------- Тест завершен: Проверка создания таблицы в БД -------
2021-08-19 17:46:21 INFO  Log:25 - ------- Начало теста: Добовление данных в таблицу -------
2021-08-19 17:46:21 INFO  Log:25 - Подключаемся к базе данных world
2021-08-19 17:46:22 INFO  Log:25 - Подключение к базе данных прошло успешно
2021-08-19 17:46:22 INFO  Log:25 - Подключаемся к базе данных world
2021-08-19 17:46:22 INFO  Log:25 - Подключение к базе данных прошло успешно
2021-08-19 17:46:22 INFO  Log:25 - Отправка запроса в БД INSERT INTO continents (ID, NAME_MAINLAND, SQUARE, PERCENT) VALUES (1, 'Europe', 11,5, '8%')
2021-08-19 17:46:22 ERROR Log:46 - Новые данные не были добавлены в таблицу
Column count doesn't match value count at row 1
2021-08-19 17:46:22 INFO  Log:25 - Подключаемся к базе данных world
2021-08-19 17:46:22 INFO  Log:25 - Подключение к базе данных прошло успешно
2021-08-19 17:46:22 INFO  Log:25 - Send request to DB: SELECT * FROM continents
2021-08-19 17:46:22 INFO  Log:25 - Подключаемся к базе данных world
2021-08-19 17:46:22 INFO  Log:25 - Подключение к базе данных прошло успешно
2021-08-19 17:46:23 INFO  Log:25 - Request results:

2021-08-19 17:46:23 INFO  Log:25 - Соединение к базе данных закрыто
2021-08-19 17:46:23 INFO  Log:25 - Набор результатов успешно закрыт
2021-08-19 17:46:23 INFO  Log:25 - Заявление успешно закрылось
2021-08-19 17:46:23 INFO  Log:25 - ------- Тест завершен: Добовление данных в таблицу -------
2021-08-19 17:50:20 INFO  Log:25 - ------- Начало теста: Проверка создания таблицы в БД -------
2021-08-19 17:50:20 INFO  Log:25 - Подключаемся к базе данных world
2021-08-19 17:50:22 INFO  Log:25 - Подключение к базе данных прошло успешно
2021-08-19 17:50:22 INFO  Log:25 - Подключаемся к базе данных world
2021-08-19 17:50:22 INFO  Log:25 - Подключение к базе данных прошло успешно
2021-08-19 17:50:22 INFO  Log:25 - Отправление запроса к БД
2021-08-19 17:50:22 INFO  Log:25 - Таблица создана успешно
2021-08-19 17:50:22 INFO  Log:25 - Соединение к базе данных закрыто
2021-08-19 17:50:22 INFO  Log:25 - Заявление успешно закрылось
2021-08-19 17:50:22 INFO  Log:25 - ------- Тест завершен: Проверка создания таблицы в БД -------
2021-08-19 17:50:22 INFO  Log:25 - ------- Начало теста: Добовление данных в таблицу -------
2021-08-19 17:50:22 INFO  Log:25 - Подключаемся к базе данных world
2021-08-19 17:50:22 INFO  Log:25 - Подключение к базе данных прошло успешно
2021-08-19 17:50:22 INFO  Log:25 - Подключаемся к базе данных world
2021-08-19 17:50:22 INFO  Log:25 - Подключение к базе данных прошло успешно
2021-08-19 17:50:22 INFO  Log:25 - Отправка запроса в БД INSERT INTO continents (ID, NAME_MAINLAND, SQUARE, PERCENT) VALUES (1, 'Europe', 11,5, '8%')
2021-08-19 17:50:22 ERROR Log:46 - Новые данные не были добавлены в таблицу
Column count doesn't match value count at row 1
2021-08-19 17:50:22 INFO  Log:25 - Подключаемся к базе данных world
2021-08-19 17:50:22 INFO  Log:25 - Подключение к базе данных прошло успешно
2021-08-19 17:50:22 INFO  Log:25 - Отправка запроса в БД: SELECT * FROM continents
2021-08-19 17:50:22 INFO  Log:25 - Подключаемся к базе данных world
2021-08-19 17:50:22 INFO  Log:25 - Подключение к базе данных прошло успешно
2021-08-19 17:50:23 INFO  Log:25 - Request results:

2021-08-19 17:50:23 INFO  Log:25 - Соединение к базе данных закрыто
2021-08-19 17:50:23 INFO  Log:25 - Набор результатов успешно закрыт
2021-08-19 17:50:23 INFO  Log:25 - Заявление успешно закрылось
2021-08-19 17:50:23 INFO  Log:25 - ------- Тест завершен: Добовление данных в таблицу -------
2021-08-19 18:15:38 INFO  Log:25 - ------- Начало теста: Проверка создания таблицы в БД -------
2021-08-19 18:15:38 INFO  Log:25 - Подключаемся к базе данных world
2021-08-19 18:15:40 INFO  Log:25 - Подключение к базе данных прошло успешно
2021-08-19 18:15:40 INFO  Log:25 - Подключаемся к базе данных world
2021-08-19 18:15:40 INFO  Log:25 - Подключение к базе данных прошло успешно
2021-08-19 18:15:40 INFO  Log:25 - Отправление запроса к БД
2021-08-19 18:15:41 INFO  Log:25 - Таблица создана успешно
2021-08-19 18:15:41 INFO  Log:25 - Соединение к базе данных закрыто
2021-08-19 18:15:41 INFO  Log:25 - Заявление успешно закрылось
2021-08-19 18:15:41 INFO  Log:25 - ------- Тест завершен: Проверка создания таблицы в БД -------
2021-08-19 18:15:41 INFO  Log:25 - ------- Начало теста: Добовление данных в таблицу -------
2021-08-19 18:15:41 INFO  Log:25 - Подключаемся к базе данных world
2021-08-19 18:15:41 INFO  Log:25 - Подключение к базе данных прошло успешно
2021-08-19 18:15:41 INFO  Log:25 - Подключаемся к базе данных world
2021-08-19 18:15:41 INFO  Log:25 - Подключение к базе данных прошло успешно
2021-08-19 18:15:41 INFO  Log:25 - Отправка запроса в БД INSERT INTO continents (ID, NAME_MAINLAND, SQUARE, PERCENT) VALUES (1, 'Europe', 11.5, '8%')
2021-08-19 18:15:41 INFO  Log:25 - Новые данные были добавлены в таблицу
2021-08-19 18:15:41 INFO  Log:25 - Подключаемся к базе данных world
2021-08-19 18:15:41 INFO  Log:25 - Подключение к базе данных прошло успешно
2021-08-19 18:15:41 INFO  Log:25 - Отправка запроса в БД: SELECT * FROM continents
2021-08-19 18:15:41 INFO  Log:25 - Подключаемся к базе данных world
2021-08-19 18:15:41 INFO  Log:25 - Подключение к базе данных прошло успешно
2021-08-19 18:15:42 INFO  Log:25 - Request results:
+----+-------------+------+-------+
|  ID|NAME_MAINLAND|SQUARE|PERCENT|
+----+-------------+------+-------+
|   1|Europe       |  11.5|8%     |
+----+-------------+------+-------+

2021-08-19 18:15:42 INFO  Log:25 - Соединение к базе данных закрыто
2021-08-19 18:15:42 INFO  Log:25 - Набор результатов успешно закрыт
2021-08-19 18:15:42 INFO  Log:25 - Заявление успешно закрылось
2021-08-19 18:15:42 INFO  Log:25 - ------- Тест завершен: Добовление данных в таблицу -------
2021-08-19 18:16:15 INFO  Log:25 - ------- Начало теста: Проверка создания таблицы в БД -------
2021-08-19 18:16:15 INFO  Log:25 - Подключаемся к базе данных world
2021-08-19 18:16:18 INFO  Log:25 - Подключение к базе данных прошло успешно
2021-08-19 18:16:18 INFO  Log:25 - Подключаемся к базе данных world
2021-08-19 18:16:18 INFO  Log:25 - Подключение к базе данных прошло успешно
2021-08-19 18:16:18 INFO  Log:25 - Отправление запроса к БД
2021-08-19 18:16:18 ERROR Log:46 - Таблица не создана 
Table 'continents' already exists
2021-08-19 18:16:18 INFO  Log:25 - Соединение к базе данных закрыто
2021-08-19 18:16:18 INFO  Log:25 - Заявление успешно закрылось
2021-08-19 18:16:18 INFO  Log:25 - ------- Тест завершен: Проверка создания таблицы в БД -------
2021-08-19 18:16:18 INFO  Log:25 - ------- Начало теста: Добовление данных в таблицу -------
2021-08-19 18:16:18 INFO  Log:25 - Подключаемся к базе данных world
2021-08-19 18:16:18 INFO  Log:25 - Подключение к базе данных прошло успешно
2021-08-19 18:16:18 INFO  Log:25 - Подключаемся к базе данных world
2021-08-19 18:16:18 INFO  Log:25 - Подключение к базе данных прошло успешно
2021-08-19 18:16:18 INFO  Log:25 - Отправка запроса в БД INSERT INTO continents (ID, NAME_MAINLAND, SQUARE, PERCENT) VALUES (1, 'Europe', 11.5, '8%')
2021-08-19 18:16:18 ERROR Log:46 - Новые данные не были добавлены в таблицу
Duplicate entry '1' for key 'continents.PRIMARY'
2021-08-19 18:16:18 INFO  Log:25 - Подключаемся к базе данных world
2021-08-19 18:16:19 INFO  Log:25 - Подключение к базе данных прошло успешно
2021-08-19 18:16:19 INFO  Log:25 - Отправка запроса в БД: SELECT * FROM continents
2021-08-19 18:16:19 INFO  Log:25 - Подключаемся к базе данных world
2021-08-19 18:16:19 INFO  Log:25 - Подключение к базе данных прошло успешно
2021-08-19 18:16:20 INFO  Log:25 - Request results:
+----+-------------+------+-------+
|  ID|NAME_MAINLAND|SQUARE|PERCENT|
+----+-------------+------+-------+
|   1|Europe       |  11.5|8%     |
+----+-------------+------+-------+

2021-08-19 18:16:20 INFO  Log:25 - Соединение к базе данных закрыто
2021-08-19 18:16:20 INFO  Log:25 - Набор результатов успешно закрыт
2021-08-19 18:16:20 INFO  Log:25 - Заявление успешно закрылось
2021-08-19 18:16:20 INFO  Log:25 - ------- Тест завершен: Добовление данных в таблицу -------
2021-08-19 18:16:40 INFO  Log:25 - ------- Начало теста: Проверка создания таблицы в БД -------
2021-08-19 18:16:40 INFO  Log:25 - Подключаемся к базе данных world
2021-08-19 18:16:43 INFO  Log:25 - Подключение к базе данных прошло успешно
2021-08-19 18:16:43 INFO  Log:25 - Подключаемся к базе данных world
2021-08-19 18:16:43 INFO  Log:25 - Подключение к базе данных прошло успешно
2021-08-19 18:16:43 INFO  Log:25 - Отправление запроса к БД
2021-08-19 18:16:43 INFO  Log:25 - Таблица создана успешно
2021-08-19 18:16:43 INFO  Log:25 - Соединение к базе данных закрыто
2021-08-19 18:16:43 INFO  Log:25 - Заявление успешно закрылось
2021-08-19 18:16:43 INFO  Log:25 - ------- Тест завершен: Проверка создания таблицы в БД -------
2021-08-19 18:16:43 INFO  Log:25 - ------- Начало теста: Добовление данных в таблицу -------
2021-08-19 18:16:43 INFO  Log:25 - Подключаемся к базе данных world
2021-08-19 18:16:43 INFO  Log:25 - Подключение к базе данных прошло успешно
2021-08-19 18:16:43 INFO  Log:25 - Подключаемся к базе данных world
2021-08-19 18:16:43 INFO  Log:25 - Подключение к базе данных прошло успешно
2021-08-19 18:16:43 INFO  Log:25 - Отправка запроса в БД INSERT INTO continents (ID, NAME_MAINLAND, SQUARE, PERCENT) VALUES (1, 'Europe', 11.5, '8%')
2021-08-19 18:16:43 INFO  Log:25 - Новые данные были добавлены в таблицу
2021-08-19 18:16:43 INFO  Log:25 - Подключаемся к базе данных world
2021-08-19 18:16:43 INFO  Log:25 - Подключение к базе данных прошло успешно
2021-08-19 18:16:43 INFO  Log:25 - Отправка запроса в БД: SELECT * FROM continents
2021-08-19 18:16:43 INFO  Log:25 - Подключаемся к базе данных world
2021-08-19 18:16:44 INFO  Log:25 - Подключение к базе данных прошло успешно
2021-08-19 18:16:45 INFO  Log:25 - Request results:
+----+-------------+------+-------+
|  ID|NAME_MAINLAND|SQUARE|PERCENT|
+----+-------------+------+-------+
|   1|Europe       |  11.5|8%     |
+----+-------------+------+-------+

2021-08-19 18:16:45 INFO  Log:25 - Соединение к базе данных закрыто
2021-08-19 18:16:45 INFO  Log:25 - Набор результатов успешно закрыт
2021-08-19 18:16:45 INFO  Log:25 - Заявление успешно закрылось
2021-08-19 18:16:45 INFO  Log:25 - ------- Тест завершен: Добовление данных в таблицу -------
2021-08-19 21:09:08 INFO  Log:25 - ------- Начало теста: Проверка создания таблицы в БД -------
2021-08-19 21:09:08 INFO  Log:25 - Подключаемся к базе данных world
2021-08-19 21:09:10 INFO  Log:25 - Подключение к базе данных прошло успешно
2021-08-19 21:09:10 INFO  Log:25 - Подключаемся к базе данных world
2021-08-19 21:09:10 INFO  Log:25 - Подключение к базе данных прошло успешно
2021-08-19 21:09:10 INFO  Log:25 - Отправление запроса к БД
2021-08-19 21:09:10 INFO  Log:25 - Таблица создана успешно
2021-08-19 21:09:10 INFO  Log:25 - Соединение к базе данных закрыто
2021-08-19 21:09:10 INFO  Log:25 - Заявление успешно закрылось
2021-08-19 21:09:10 INFO  Log:25 - ------- Тест завершен: Проверка создания таблицы в БД -------
2021-08-19 21:09:10 INFO  Log:25 - ------- Начало теста: Добовление данных в таблицу -------
2021-08-19 21:09:10 INFO  Log:25 - Подключаемся к базе данных world
2021-08-19 21:09:10 INFO  Log:25 - Подключение к базе данных прошло успешно
2021-08-19 21:09:10 INFO  Log:25 - Подключаемся к базе данных world
2021-08-19 21:09:10 INFO  Log:25 - Подключение к базе данных прошло успешно
2021-08-19 21:09:10 INFO  Log:25 - Отправка запроса в БД INSERT INTO continents (ID, NAME_MAINLAND, SQUARE, PERCENT) VALUES (1, 'Europe', 11.5, '8%')
2021-08-19 21:09:10 INFO  Log:25 - Новые данные были добавлены в таблицу
2021-08-19 21:09:10 INFO  Log:25 - Подключаемся к базе данных world
2021-08-19 21:09:10 INFO  Log:25 - Подключение к базе данных прошло успешно
2021-08-19 21:09:10 INFO  Log:25 - Отправка запроса в БД: SELECT * FROM continents
2021-08-19 21:09:10 INFO  Log:25 - Подключаемся к базе данных world
2021-08-19 21:09:10 INFO  Log:25 - Подключение к базе данных прошло успешно
2021-08-19 21:09:11 INFO  Log:25 - Request results:
+----+-------------+------+-------+
|  ID|NAME_MAINLAND|SQUARE|PERCENT|
+----+-------------+------+-------+
|   1|Europe       |  11.5|8%     |
+----+-------------+------+-------+

2021-08-19 21:09:11 INFO  Log:25 - Соединение к базе данных закрыто
2021-08-19 21:09:11 INFO  Log:25 - Набор результатов успешно закрыт
2021-08-19 21:09:11 INFO  Log:25 - Заявление успешно закрылось
2021-08-19 21:09:11 INFO  Log:25 - ------- Тест завершен: Добовление данных в таблицу -------
2021-08-19 21:28:37 INFO  Log:25 - ------- Начало теста: Проверка создания таблицы в БД -------
2021-08-19 21:28:37 INFO  Log:25 - Подключаемся к базе данных world
2021-08-19 21:28:39 INFO  Log:25 - Подключение к базе данных прошло успешно
2021-08-19 21:28:39 INFO  Log:25 - Подключаемся к базе данных world
2021-08-19 21:28:39 INFO  Log:25 - Подключение к базе данных прошло успешно
2021-08-19 21:28:40 INFO  Log:25 - Отправление запроса к БД
2021-08-19 21:28:40 INFO  Log:25 - Таблица создана успешно
2021-08-19 21:28:40 INFO  Log:25 - Соединение к базе данных закрыто
2021-08-19 21:28:40 INFO  Log:25 - Заявление успешно закрылось
2021-08-19 21:28:40 INFO  Log:25 - ------- Тест завершен: Проверка создания таблицы в БД -------
2021-08-19 21:28:40 INFO  Log:25 - ------- Начало теста: Добовление данных в таблицу -------
2021-08-19 21:28:40 INFO  Log:25 - Подключаемся к базе данных world
2021-08-19 21:28:40 INFO  Log:25 - Подключение к базе данных прошло успешно
2021-08-19 21:28:40 INFO  Log:25 - Подключаемся к базе данных world
2021-08-19 21:28:40 INFO  Log:25 - Подключение к базе данных прошло успешно
2021-08-19 21:28:40 INFO  Log:25 - Отправка запроса в БД INSERT INTO continents (ID, NAME_MAINLAND, SQUARE, PERCENT) VALUES (1, 'Europe', 11.5, '8%')
2021-08-19 21:28:40 INFO  Log:25 - Новые данные были добавлены в таблицу
2021-08-19 21:28:40 INFO  Log:25 - Подключаемся к базе данных world
2021-08-19 21:28:40 INFO  Log:25 - Подключение к базе данных прошло успешно
2021-08-19 21:28:40 INFO  Log:25 - Отправка запроса в БД: SELECT * FROM continents
2021-08-19 21:28:40 INFO  Log:25 - Подключаемся к базе данных world
2021-08-19 21:28:40 INFO  Log:25 - Подключение к базе данных прошло успешно
2021-08-19 21:28:41 INFO  Log:25 - Request results:
+----+-------------+------+-------+
|  ID|NAME_MAINLAND|SQUARE|PERCENT|
+----+-------------+------+-------+
|   1|Europe       |  11.5|8%     |
+----+-------------+------+-------+

2021-08-19 21:28:41 INFO  Log:25 - Соединение к базе данных закрыто
2021-08-19 21:28:41 INFO  Log:25 - Набор результатов успешно закрыт
2021-08-19 21:28:41 INFO  Log:25 - Заявление успешно закрылось
2021-08-19 21:28:41 INFO  Log:25 - ------- Тест завершен: Добовление данных в таблицу -------
2021-08-19 21:28:41 INFO  Log:25 - ------- Начало теста: Изменение данных в таблице -------
2021-08-19 21:28:41 INFO  Log:25 - Подключаемся к базе данных world
2021-08-19 21:28:41 INFO  Log:25 - Подключение к базе данных прошло успешно
2021-08-19 21:28:41 INFO  Log:25 - Подключаемся к базе данных world
2021-08-19 21:28:41 INFO  Log:25 - Подключение к базе данных прошло успешно
2021-08-19 21:28:41 INFO  Log:25 - Send request to DB: UPDATE continents SET SQUARE = 44.7 WHERE ID='1'
2021-08-19 21:28:41 INFO  Log:25 - Data in table was updated successfully
2021-08-19 21:28:41 INFO  Log:25 - Подключаемся к базе данных world
2021-08-19 21:28:41 INFO  Log:25 - Подключение к базе данных прошло успешно
2021-08-19 21:28:41 INFO  Log:25 - Отправка запроса в БД: SELECT SQUARE FROM continents WHERE ID=1
2021-08-19 21:28:41 INFO  Log:25 - Подключаемся к базе данных world
2021-08-19 21:28:41 INFO  Log:25 - Подключение к базе данных прошло успешно
2021-08-19 21:28:41 INFO  Log:25 - Request results:
+------+
|SQUARE|
+------+
|  44.7|
+------+

2021-08-19 21:28:41 INFO  Log:25 - Соединение к базе данных закрыто
2021-08-19 21:28:41 INFO  Log:25 - Набор результатов успешно закрыт
2021-08-19 21:28:41 INFO  Log:25 - Заявление успешно закрылось
2021-08-19 21:28:41 INFO  Log:25 - ------- Тест завершен: Изменение данных в таблице -------
2021-08-19 23:22:26 INFO  Log:25 - ------- Начало теста: Проверка создания таблицы в БД -------
2021-08-19 23:22:26 INFO  Log:25 - Подключаемся к базе данных world
2021-08-19 23:22:29 INFO  Log:25 - Подключение к базе данных прошло успешно
2021-08-19 23:22:29 INFO  Log:25 - Подключаемся к базе данных world
2021-08-19 23:22:29 INFO  Log:25 - Подключение к базе данных прошло успешно
2021-08-19 23:22:29 INFO  Log:25 - Отправление запроса к БД
2021-08-19 23:22:29 INFO  Log:25 - Таблица создана успешно
2021-08-19 23:22:29 INFO  Log:25 - Соединение к базе данных закрыто
2021-08-19 23:22:29 INFO  Log:25 - Заявление успешно закрыто
2021-08-19 23:22:29 INFO  Log:25 - ------- Тест завершен: Проверка создания таблицы в БД -------
2021-08-19 23:22:29 INFO  Log:25 - ------- Начало теста: Добовление данных в таблицу -------
2021-08-19 23:22:29 INFO  Log:25 - Подключаемся к базе данных world
2021-08-19 23:22:29 INFO  Log:25 - Подключение к базе данных прошло успешно
2021-08-19 23:22:29 INFO  Log:25 - Подключаемся к базе данных world
2021-08-19 23:22:29 INFO  Log:25 - Подключение к базе данных прошло успешно
2021-08-19 23:22:29 INFO  Log:25 - Отправка запроса в БД INSERT INTO continents (ID, NAME_MAINLAND, SQUARE, PERCENT) VALUES (1, 'Europe', 11.5, '8%'),(2, 'Asia', 43.4, '29%')
2021-08-19 23:22:29 INFO  Log:25 - Новые данные были добавлены в таблицу
2021-08-19 23:22:29 INFO  Log:25 - Подключаемся к базе данных world
2021-08-19 23:22:29 INFO  Log:25 - Подключение к базе данных прошло успешно
2021-08-19 23:22:29 INFO  Log:25 - Отправка запроса в БД: SELECT * FROM continents
2021-08-19 23:22:29 INFO  Log:25 - Подключаемся к базе данных world
2021-08-19 23:22:29 INFO  Log:25 - Подключение к базе данных прошло успешно
2021-08-19 23:22:31 INFO  Log:25 - Результаты запроса
+----+-------------+------+-------+
|  ID|NAME_MAINLAND|SQUARE|PERCENT|
+----+-------------+------+-------+
|   1|Europe       |  11.5|8%     |
+----+-------------+------+-------+
+----+-------------+------+-------+
|  ID|NAME_MAINLAND|SQUARE|PERCENT|
+----+-------------+------+-------+
|   2|Asia         |  43.4|29%    |
+----+-------------+------+-------+

2021-08-19 23:22:31 INFO  Log:25 - Соединение к базе данных закрыто
2021-08-19 23:22:31 INFO  Log:25 - Набор результатов успешно закрыт
2021-08-19 23:22:31 INFO  Log:25 - Заявление успешно закрыто
2021-08-19 23:22:31 INFO  Log:25 - ------- Тест завершен: Добовление данных в таблицу -------
2021-08-19 23:22:31 INFO  Log:25 - ------- Начало теста: Изменение данных в таблице -------
2021-08-19 23:22:31 INFO  Log:25 - Подключаемся к базе данных world
2021-08-19 23:22:31 INFO  Log:25 - Подключение к базе данных прошло успешно
2021-08-19 23:22:31 INFO  Log:25 - Подключаемся к базе данных world
2021-08-19 23:22:31 INFO  Log:25 - Подключение к базе данных прошло успешно
2021-08-19 23:22:31 INFO  Log:25 - Send request to DB: UPDATE continents SET SQUARE = 44.7 WHERE ID='1'
2021-08-19 23:22:31 INFO  Log:25 - Data in table was updated successfully
2021-08-19 23:22:31 INFO  Log:25 - Подключаемся к базе данных world
2021-08-19 23:22:31 INFO  Log:25 - Подключение к базе данных прошло успешно
2021-08-19 23:22:31 INFO  Log:25 - Отправка запроса в БД: SELECT SQUARE FROM continents WHERE ID=1
2021-08-19 23:22:31 INFO  Log:25 - Подключаемся к базе данных world
2021-08-19 23:22:31 INFO  Log:25 - Подключение к базе данных прошло успешно
2021-08-19 23:22:31 INFO  Log:25 - Результаты запроса
+------+
|SQUARE|
+------+
|  44.7|
+------+

2021-08-19 23:22:31 INFO  Log:25 - Соединение к базе данных закрыто
2021-08-19 23:22:31 INFO  Log:25 - Набор результатов успешно закрыт
2021-08-19 23:22:31 INFO  Log:25 - Заявление успешно закрыто
2021-08-19 23:22:31 INFO  Log:25 - ------- Тест завершен: Изменение данных в таблице -------
2021-08-19 23:27:46 INFO  Log:25 - ------- Начало теста: Проверка создания таблицы в БД -------
2021-08-19 23:27:46 INFO  Log:25 - Подключаемся к базе данных world
2021-08-19 23:27:48 INFO  Log:25 - Подключение к базе данных прошло успешно
2021-08-19 23:27:48 INFO  Log:25 - Подключаемся к базе данных world
2021-08-19 23:27:48 INFO  Log:25 - Подключение к базе данных прошло успешно
2021-08-19 23:27:48 INFO  Log:25 - Отправление запроса к БД
2021-08-19 23:27:48 INFO  Log:25 - Таблица создана успешно
2021-08-19 23:27:48 INFO  Log:25 - Соединение к базе данных закрыто
2021-08-19 23:27:48 INFO  Log:25 - Заявление успешно закрыто
2021-08-19 23:27:48 INFO  Log:25 - ------- Тест завершен: Проверка создания таблицы в БД -------
2021-08-19 23:27:48 INFO  Log:25 - ------- Начало теста: Добовление данных в таблицу -------
2021-08-19 23:27:48 INFO  Log:25 - Подключаемся к базе данных world
2021-08-19 23:27:49 INFO  Log:25 - Подключение к базе данных прошло успешно
2021-08-19 23:27:49 INFO  Log:25 - Подключаемся к базе данных world
2021-08-19 23:27:49 INFO  Log:25 - Подключение к базе данных прошло успешно
2021-08-19 23:27:49 INFO  Log:25 - Отправка запроса в БД INSERT INTO continents (ID, NAME_MAINLAND, SQUARE, PERCENT) VALUES (1, 'Europe', 11.5, '8%'),(2, 'Asia', 43.4, '29%')
2021-08-19 23:27:49 INFO  Log:25 - Новые данные были добавлены в таблицу
2021-08-19 23:27:49 INFO  Log:25 - Подключаемся к базе данных world
2021-08-19 23:27:49 INFO  Log:25 - Подключение к базе данных прошло успешно
2021-08-19 23:27:49 INFO  Log:25 - Отправка запроса в БД: SELECT * FROM continents
2021-08-19 23:27:49 INFO  Log:25 - Подключаемся к базе данных world
2021-08-19 23:27:49 INFO  Log:25 - Подключение к базе данных прошло успешно
2021-08-19 23:27:50 INFO  Log:25 - Результаты запроса
+----+-------------+------+-------+
|  ID|NAME_MAINLAND|SQUARE|PERCENT|
+----+-------------+------+-------+
|   1|Europe       |  11.5|8%     |
+----+-------------+------+-------+
+----+-------------+------+-------+
|  ID|NAME_MAINLAND|SQUARE|PERCENT|
+----+-------------+------+-------+
|   2|Asia         |  43.4|29%    |
+----+-------------+------+-------+

2021-08-19 23:27:50 INFO  Log:25 - Соединение к базе данных закрыто
2021-08-19 23:27:50 INFO  Log:25 - Набор результатов успешно закрыт
2021-08-19 23:27:50 INFO  Log:25 - Заявление успешно закрыто
2021-08-19 23:27:50 INFO  Log:25 - ------- Тест завершен: Добовление данных в таблицу -------
2021-08-19 23:27:50 INFO  Log:25 - ------- Начало теста: Изменение данных в таблице -------
2021-08-19 23:27:50 INFO  Log:25 - Подключаемся к базе данных world
2021-08-19 23:27:50 INFO  Log:25 - Подключение к базе данных прошло успешно
2021-08-19 23:27:50 INFO  Log:25 - Подключаемся к базе данных world
2021-08-19 23:27:50 INFO  Log:25 - Подключение к базе данных прошло успешно
2021-08-19 23:27:50 INFO  Log:25 - Send request to DB: UPDATE continents SET SQUARE = 44.7 WHERE ID='1'
2021-08-19 23:27:50 INFO  Log:25 - Data in table was updated successfully
2021-08-19 23:27:50 INFO  Log:25 - Подключаемся к базе данных world
2021-08-19 23:27:50 INFO  Log:25 - Подключение к базе данных прошло успешно
2021-08-19 23:27:50 INFO  Log:25 - Отправка запроса в БД: SELECT SQUARE FROM continents WHERE ID=1
2021-08-19 23:27:50 INFO  Log:25 - Подключаемся к базе данных world
2021-08-19 23:27:50 INFO  Log:25 - Подключение к базе данных прошло успешно
2021-08-19 23:27:50 INFO  Log:25 - Результаты запроса
+------+
|SQUARE|
+------+
|  44.7|
+------+

2021-08-19 23:27:50 INFO  Log:25 - Соединение к базе данных закрыто
2021-08-19 23:27:50 INFO  Log:25 - Набор результатов успешно закрыт
2021-08-19 23:27:50 INFO  Log:25 - Заявление успешно закрыто
2021-08-19 23:27:50 INFO  Log:25 - ------- Тест завершен: Изменение данных в таблице -------
2021-08-19 23:35:26 INFO  Log:25 - ------- Начало теста: Проверка создания таблицы в БД -------
2021-08-19 23:35:26 INFO  Log:25 - Подключаемся к базе данных world
2021-08-19 23:35:28 INFO  Log:25 - Подключение к базе данных прошло успешно
2021-08-19 23:35:28 INFO  Log:25 - Подключаемся к базе данных world
2021-08-19 23:35:29 INFO  Log:25 - Подключение к базе данных прошло успешно
2021-08-19 23:35:29 INFO  Log:25 - Отправление запроса к БД
2021-08-19 23:35:29 INFO  Log:25 - Таблица создана успешно
2021-08-19 23:35:29 INFO  Log:25 - Соединение к базе данных закрыто
2021-08-19 23:35:29 INFO  Log:25 - Заявление успешно закрыто
2021-08-19 23:35:29 INFO  Log:25 - ------- Тест завершен: Проверка создания таблицы в БД -------
2021-08-19 23:35:29 INFO  Log:25 - ------- Начало теста: Добовление данных в таблицу -------
2021-08-19 23:35:29 INFO  Log:25 - Подключаемся к базе данных world
2021-08-19 23:35:29 INFO  Log:25 - Подключение к базе данных прошло успешно
2021-08-19 23:35:29 INFO  Log:25 - Подключаемся к базе данных world
2021-08-19 23:35:29 INFO  Log:25 - Подключение к базе данных прошло успешно
2021-08-19 23:35:29 INFO  Log:25 - Отправка запроса в БД INSERT INTO continents (ID, NAME_MAINLAND, SQUARE, PERCENT) VALUES (1, 'Europe', 11.5, '8%'),(2, 'Asia', 43.4, '29%')
2021-08-19 23:35:29 INFO  Log:25 - Новые данные были добавлены в таблицу
2021-08-19 23:35:29 INFO  Log:25 - Подключаемся к базе данных world
2021-08-19 23:35:29 INFO  Log:25 - Подключение к базе данных прошло успешно
2021-08-19 23:35:29 INFO  Log:25 - Отправка запроса в БД: SELECT * FROM continents
2021-08-19 23:35:29 INFO  Log:25 - Подключаемся к базе данных world
2021-08-19 23:35:29 INFO  Log:25 - Подключение к базе данных прошло успешно
2021-08-19 23:35:30 INFO  Log:25 - Результаты запроса
+----+-------------+------+-------+
|  ID|NAME_MAINLAND|SQUARE|PERCENT|
+----+-------------+------+-------+
|   1|Europe       |  11.5|8%     |
+----+-------------+------+-------+
+----+-------------+------+-------+
|  ID|NAME_MAINLAND|SQUARE|PERCENT|
+----+-------------+------+-------+
|   2|Asia         |  43.4|29%    |
+----+-------------+------+-------+

2021-08-19 23:35:30 INFO  Log:25 - Соединение к базе данных закрыто
2021-08-19 23:35:30 INFO  Log:25 - Набор результатов успешно закрыт
2021-08-19 23:35:30 INFO  Log:25 - Заявление успешно закрыто
2021-08-19 23:35:30 INFO  Log:25 - ------- Тест завершен: Добовление данных в таблицу -------
2021-08-19 23:35:30 INFO  Log:25 - ------- Начало теста: Изменение данных в таблице -------
2021-08-19 23:35:30 INFO  Log:25 - Подключаемся к базе данных world
2021-08-19 23:35:30 INFO  Log:25 - Подключение к базе данных прошло успешно
2021-08-19 23:35:30 INFO  Log:25 - Подключаемся к базе данных world
2021-08-19 23:35:30 INFO  Log:25 - Подключение к базе данных прошло успешно
2021-08-19 23:35:30 INFO  Log:25 - Отправка запроса в БД UPDATE continents SET SQUARE = 44.7 WHERE ID='1'
2021-08-19 23:35:30 INFO  Log:25 - Данные были обнавлены
2021-08-19 23:35:30 INFO  Log:25 - Подключаемся к базе данных world
2021-08-19 23:35:30 INFO  Log:25 - Подключение к базе данных прошло успешно
2021-08-19 23:35:30 INFO  Log:25 - Отправка запроса в БД: SELECT SQUARE FROM continents WHERE ID=1
2021-08-19 23:35:30 INFO  Log:25 - Подключаемся к базе данных world
2021-08-19 23:35:31 INFO  Log:25 - Подключение к базе данных прошло успешно
2021-08-19 23:35:31 INFO  Log:25 - Результаты запроса
+------+
|SQUARE|
+------+
|  44.7|
+------+

2021-08-19 23:35:31 INFO  Log:25 - Соединение к базе данных закрыто
2021-08-19 23:35:31 INFO  Log:25 - Набор результатов успешно закрыт
2021-08-19 23:35:31 INFO  Log:25 - Заявление успешно закрыто
2021-08-19 23:35:31 INFO  Log:25 - ------- Тест завершен: Изменение данных в таблице -------
2021-08-19 23:47:02 INFO  Log:25 - ------- Начало теста: Проверка создания таблицы в БД -------
2021-08-19 23:47:02 INFO  Log:25 - Подключаемся к базе данных world
2021-08-19 23:47:04 INFO  Log:25 - Подключение к базе данных прошло успешно
2021-08-19 23:47:04 INFO  Log:25 - Подключаемся к базе данных world
2021-08-19 23:47:04 INFO  Log:25 - Подключение к базе данных прошло успешно
2021-08-19 23:47:04 INFO  Log:25 - Отправление запроса к БД
2021-08-19 23:47:04 INFO  Log:25 - Таблица создана успешно
2021-08-19 23:47:04 INFO  Log:25 - Соединение к базе данных закрыто
2021-08-19 23:47:04 INFO  Log:25 - Заявление успешно закрыто
2021-08-19 23:47:04 INFO  Log:25 - ------- Тест завершен: Проверка создания таблицы в БД -------
2021-08-19 23:47:04 INFO  Log:25 - ------- Начало теста: Добовление данных в таблицу -------
2021-08-19 23:47:04 INFO  Log:25 - Подключаемся к базе данных world
2021-08-19 23:47:04 INFO  Log:25 - Подключение к базе данных прошло успешно
2021-08-19 23:47:04 INFO  Log:25 - Подключаемся к базе данных world
2021-08-19 23:47:04 INFO  Log:25 - Подключение к базе данных прошло успешно
2021-08-19 23:47:04 INFO  Log:25 - Отправка запроса в БД INSERT INTO continents (ID, NAME_MAINLAND, SQUARE, PERCENT) VALUES (1, 'Europe', 11.5, '8%'),(2, 'Asia', 43.4, '29%')
2021-08-19 23:47:04 INFO  Log:25 - Новые данные были добавлены в таблицу
2021-08-19 23:47:04 INFO  Log:25 - Подключаемся к базе данных world
2021-08-19 23:47:05 INFO  Log:25 - Подключение к базе данных прошло успешно
2021-08-19 23:47:05 INFO  Log:25 - Отправка запроса в БД: SELECT * FROM continents
2021-08-19 23:47:05 INFO  Log:25 - Подключаемся к базе данных world
2021-08-19 23:47:05 INFO  Log:25 - Подключение к базе данных прошло успешно
2021-08-19 23:47:06 INFO  Log:25 - Результаты запроса
+----+-------------+------+-------+
|  ID|NAME_MAINLAND|SQUARE|PERCENT|
+----+-------------+------+-------+
|   1|Europe       |  11.5|8%     |
+----+-------------+------+-------+
+----+-------------+------+-------+
|  ID|NAME_MAINLAND|SQUARE|PERCENT|
+----+-------------+------+-------+
|   2|Asia         |  43.4|29%    |
+----+-------------+------+-------+

2021-08-19 23:47:06 INFO  Log:25 - Соединение к базе данных закрыто
2021-08-19 23:47:06 INFO  Log:25 - Набор результатов успешно закрыт
2021-08-19 23:47:06 INFO  Log:25 - Заявление успешно закрыто
2021-08-19 23:47:06 INFO  Log:25 - ------- Тест завершен: Добовление данных в таблицу -------
2021-08-19 23:47:06 INFO  Log:25 - ------- Начало теста: Изменение данных в таблице -------
2021-08-19 23:47:06 INFO  Log:25 - Подключаемся к базе данных world
2021-08-19 23:47:06 INFO  Log:25 - Подключение к базе данных прошло успешно
2021-08-19 23:47:06 INFO  Log:25 - Подключаемся к базе данных world
2021-08-19 23:47:06 INFO  Log:25 - Подключение к базе данных прошло успешно
2021-08-19 23:47:06 INFO  Log:25 - Отправка запроса в БД UPDATE continents SET SQUARE = 44.7 WHERE ID='1'
2021-08-19 23:47:06 INFO  Log:25 - Данные были обнавлены
2021-08-19 23:47:06 INFO  Log:25 - Подключаемся к базе данных world
2021-08-19 23:47:06 INFO  Log:25 - Подключение к базе данных прошло успешно
2021-08-19 23:47:06 INFO  Log:25 - Отправка запроса в БД: SELECT SQUARE FROM continents WHERE ID=1
2021-08-19 23:47:06 INFO  Log:25 - Подключаемся к базе данных world
2021-08-19 23:47:06 INFO  Log:25 - Подключение к базе данных прошло успешно
2021-08-19 23:47:06 INFO  Log:25 - Результаты запроса
+------+
|SQUARE|
+------+
|  44.7|
+------+

2021-08-19 23:47:06 INFO  Log:25 - Соединение к базе данных закрыто
2021-08-19 23:47:06 INFO  Log:25 - Набор результатов успешно закрыт
2021-08-19 23:47:06 INFO  Log:25 - Заявление успешно закрыто
2021-08-19 23:47:06 INFO  Log:25 - ------- Тест завершен: Изменение данных в таблице -------
2021-08-19 23:47:06 INFO  Log:25 - ------- Начало теста: Отправка простого SELECT запроса -------
2021-08-19 23:47:06 INFO  Log:25 - Подключаемся к базе данных world
2021-08-19 23:47:06 INFO  Log:25 - Подключение к базе данных прошло успешно
2021-08-19 23:47:06 INFO  Log:25 - Подключаемся к базе данных world
2021-08-19 23:47:06 INFO  Log:25 - Подключение к базе данных прошло успешно
2021-08-19 23:47:06 INFO  Log:25 - Отправка запроса в БД: SELECT * FROM continents
2021-08-19 23:47:06 INFO  Log:25 - Подключаемся к базе данных world
2021-08-19 23:47:06 INFO  Log:25 - Подключение к базе данных прошло успешно
2021-08-19 23:47:06 INFO  Log:25 - Результаты запроса
+----+-------------+------+-------+
|  ID|NAME_MAINLAND|SQUARE|PERCENT|
+----+-------------+------+-------+
|   1|Europe       |  44.7|8%     |
+----+-------------+------+-------+
+----+-------------+------+-------+
|  ID|NAME_MAINLAND|SQUARE|PERCENT|
+----+-------------+------+-------+
|   2|Asia         |  43.4|29%    |
+----+-------------+------+-------+

2021-08-19 23:47:06 INFO  Log:25 - Соединение к базе данных закрыто
2021-08-19 23:47:06 INFO  Log:25 - Набор результатов успешно закрыт
2021-08-19 23:47:06 INFO  Log:25 - Заявление успешно закрыто
2021-08-19 23:47:06 INFO  Log:25 - ------- Тест завершен: Отправка простого SELECT запроса -------
2021-08-19 23:48:34 INFO  Log:25 - ------- Начало теста: Проверка создания таблицы в БД -------
2021-08-19 23:48:34 INFO  Log:25 - Подключаемся к базе данных world
2021-08-19 23:48:36 INFO  Log:25 - Подключение к базе данных прошло успешно
2021-08-19 23:48:36 INFO  Log:25 - Подключаемся к базе данных world
2021-08-19 23:48:36 INFO  Log:25 - Подключение к базе данных прошло успешно
2021-08-19 23:48:36 INFO  Log:25 - Отправление запроса к БД
2021-08-19 23:48:36 INFO  Log:25 - Таблица создана успешно
2021-08-19 23:48:36 INFO  Log:25 - Соединение к базе данных закрыто
2021-08-19 23:48:36 INFO  Log:25 - Заявление успешно закрыто
2021-08-19 23:48:36 INFO  Log:25 - ------- Тест завершен: Проверка создания таблицы в БД -------
2021-08-19 23:48:36 INFO  Log:25 - ------- Начало теста: Добовление данных в таблицу -------
2021-08-19 23:48:36 INFO  Log:25 - Подключаемся к базе данных world
2021-08-19 23:48:36 INFO  Log:25 - Подключение к базе данных прошло успешно
2021-08-19 23:48:36 INFO  Log:25 - Подключаемся к базе данных world
2021-08-19 23:48:37 INFO  Log:25 - Подключение к базе данных прошло успешно
2021-08-19 23:48:37 INFO  Log:25 - Отправка запроса в БД INSERT INTO continents (ID, NAME_MAINLAND, SQUARE, PERCENT) VALUES (1, 'Europe', 11.5, '8%'),(2, 'Asia', 43.4, '29%')
2021-08-19 23:48:37 INFO  Log:25 - Новые данные были добавлены в таблицу
2021-08-19 23:48:37 INFO  Log:25 - Подключаемся к базе данных world
2021-08-19 23:48:37 INFO  Log:25 - Подключение к базе данных прошло успешно
2021-08-19 23:48:37 INFO  Log:25 - Отправка запроса в БД: SELECT * FROM continents
2021-08-19 23:48:37 INFO  Log:25 - Подключаемся к базе данных world
2021-08-19 23:48:37 INFO  Log:25 - Подключение к базе данных прошло успешно
2021-08-19 23:48:38 INFO  Log:25 - Результаты запроса
+----+-------------+------+-------+
|  ID|NAME_MAINLAND|SQUARE|PERCENT|
+----+-------------+------+-------+
|   1|Europe       |  11.5|8%     |
+----+-------------+------+-------+
+----+-------------+------+-------+
|  ID|NAME_MAINLAND|SQUARE|PERCENT|
+----+-------------+------+-------+
|   2|Asia         |  43.4|29%    |
+----+-------------+------+-------+

2021-08-19 23:48:38 INFO  Log:25 - Соединение к базе данных закрыто
2021-08-19 23:48:38 INFO  Log:25 - Набор результатов успешно закрыт
2021-08-19 23:48:38 INFO  Log:25 - Заявление успешно закрыто
2021-08-19 23:48:38 INFO  Log:25 - ------- Тест завершен: Добовление данных в таблицу -------
2021-08-19 23:48:38 INFO  Log:25 - ------- Начало теста: Изменение данных в таблице -------
2021-08-19 23:48:38 INFO  Log:25 - Подключаемся к базе данных world
2021-08-19 23:48:38 INFO  Log:25 - Подключение к базе данных прошло успешно
2021-08-19 23:48:38 INFO  Log:25 - Подключаемся к базе данных world
2021-08-19 23:48:38 INFO  Log:25 - Подключение к базе данных прошло успешно
2021-08-19 23:48:38 INFO  Log:25 - Отправка запроса в БД UPDATE continents SET SQUARE = 44.7 WHERE ID='1'
2021-08-19 23:48:38 INFO  Log:25 - Данные были обнавлены
2021-08-19 23:48:38 INFO  Log:25 - Подключаемся к базе данных world
2021-08-19 23:48:38 INFO  Log:25 - Подключение к базе данных прошло успешно
2021-08-19 23:48:38 INFO  Log:25 - Отправка запроса в БД: SELECT SQUARE FROM continents WHERE ID=1
2021-08-19 23:48:38 INFO  Log:25 - Подключаемся к базе данных world
2021-08-19 23:48:38 INFO  Log:25 - Подключение к базе данных прошло успешно
2021-08-19 23:48:38 INFO  Log:25 - Результаты запроса
+------+
|SQUARE|
+------+
|  44.7|
+------+

2021-08-19 23:48:38 INFO  Log:25 - Соединение к базе данных закрыто
2021-08-19 23:48:38 INFO  Log:25 - Набор результатов успешно закрыт
2021-08-19 23:48:38 INFO  Log:25 - Заявление успешно закрыто
2021-08-19 23:48:38 INFO  Log:25 - ------- Тест завершен: Изменение данных в таблице -------
2021-08-19 23:48:38 INFO  Log:25 - ------- Начало теста: Отправка простого SELECT запроса -------
2021-08-19 23:48:38 INFO  Log:25 - Подключаемся к базе данных world
2021-08-19 23:48:38 INFO  Log:25 - Подключение к базе данных прошло успешно
2021-08-19 23:48:38 INFO  Log:25 - Подключаемся к базе данных world
2021-08-19 23:48:38 INFO  Log:25 - Подключение к базе данных прошло успешно
2021-08-19 23:48:38 INFO  Log:25 - Отправка запроса в БД: SELECT * FROM continents
2021-08-19 23:48:38 INFO  Log:25 - Подключаемся к базе данных world
2021-08-19 23:48:38 INFO  Log:25 - Подключение к базе данных прошло успешно
2021-08-19 23:48:38 INFO  Log:25 - Результаты запроса
+----+-------------+------+-------+
|  ID|NAME_MAINLAND|SQUARE|PERCENT|
+----+-------------+------+-------+
|   1|Europe       |  44.7|8%     |
+----+-------------+------+-------+
+----+-------------+------+-------+
|  ID|NAME_MAINLAND|SQUARE|PERCENT|
+----+-------------+------+-------+
|   2|Asia         |  43.4|29%    |
+----+-------------+------+-------+

2021-08-19 23:48:38 INFO  Log:25 - Соединение к базе данных закрыто
2021-08-19 23:48:38 INFO  Log:25 - Набор результатов успешно закрыт
2021-08-19 23:48:38 INFO  Log:25 - Заявление успешно закрыто
2021-08-19 23:48:38 INFO  Log:25 - ------- Тест завершен: Отправка простого SELECT запроса -------
2021-08-19 23:54:14 INFO  Log:25 - ------- Начало теста: Проверка создания таблицы в БД -------
2021-08-19 23:54:14 INFO  Log:25 - Подключаемся к базе данных world
2021-08-19 23:54:16 INFO  Log:25 - Подключение к базе данных прошло успешно
2021-08-19 23:54:16 INFO  Log:25 - Подключаемся к базе данных world
2021-08-19 23:54:16 INFO  Log:25 - Подключение к базе данных прошло успешно
2021-08-19 23:54:16 INFO  Log:25 - Отправление запроса к БД
2021-08-19 23:54:16 INFO  Log:25 - Таблица создана успешно
2021-08-19 23:54:16 INFO  Log:25 - Соединение к базе данных закрыто
2021-08-19 23:54:16 INFO  Log:25 - Заявление успешно закрыто
2021-08-19 23:54:16 INFO  Log:25 - ------- Тест завершен: Проверка создания таблицы в БД -------
2021-08-19 23:54:16 INFO  Log:25 - ------- Начало теста: Добовление данных в таблицу -------
2021-08-19 23:54:16 INFO  Log:25 - Подключаемся к базе данных world
2021-08-19 23:54:16 INFO  Log:25 - Подключение к базе данных прошло успешно
2021-08-19 23:54:16 INFO  Log:25 - Подключаемся к базе данных world
2021-08-19 23:54:16 INFO  Log:25 - Подключение к базе данных прошло успешно
2021-08-19 23:54:16 INFO  Log:25 - Отправка запроса в БД INSERT INTO continents (ID, NAME_MAINLAND, SQUARE, PERCENT) VALUES (1, 'Europe', 11.5, '8%'),(2, 'Asia', 43.4, '29%')
2021-08-19 23:54:16 INFO  Log:25 - Новые данные были добавлены в таблицу
2021-08-19 23:54:16 INFO  Log:25 - Подключаемся к базе данных world
2021-08-19 23:54:16 INFO  Log:25 - Подключение к базе данных прошло успешно
2021-08-19 23:54:16 INFO  Log:25 - Отправка запроса в БД: SELECT * FROM continents
2021-08-19 23:54:16 INFO  Log:25 - Подключаемся к базе данных world
2021-08-19 23:54:16 INFO  Log:25 - Подключение к базе данных прошло успешно
2021-08-19 23:54:17 INFO  Log:25 - Результаты запроса
+----+-------------+------+-------+
|  ID|NAME_MAINLAND|SQUARE|PERCENT|
+----+-------------+------+-------+
|   1|Europe       |  11.5|8%     |
+----+-------------+------+-------+
+----+-------------+------+-------+
|  ID|NAME_MAINLAND|SQUARE|PERCENT|
+----+-------------+------+-------+
|   2|Asia         |  43.4|29%    |
+----+-------------+------+-------+

2021-08-19 23:54:17 INFO  Log:25 - Соединение к базе данных закрыто
2021-08-19 23:54:17 INFO  Log:25 - Набор результатов успешно закрыт
2021-08-19 23:54:17 INFO  Log:25 - Заявление успешно закрыто
2021-08-19 23:54:17 INFO  Log:25 - ------- Тест завершен: Добовление данных в таблицу -------
2021-08-19 23:54:17 INFO  Log:25 - ------- Начало теста: Изменение данных в таблице -------
2021-08-19 23:54:17 INFO  Log:25 - Подключаемся к базе данных world
2021-08-19 23:54:17 INFO  Log:25 - Подключение к базе данных прошло успешно
2021-08-19 23:54:17 INFO  Log:25 - Подключаемся к базе данных world
2021-08-19 23:54:17 INFO  Log:25 - Подключение к базе данных прошло успешно
2021-08-19 23:54:17 INFO  Log:25 - Отправка запроса в БД UPDATE continents SET SQUARE = 44.7 WHERE ID='1'
2021-08-19 23:54:17 INFO  Log:25 - Данные были обнавлены
2021-08-19 23:54:17 INFO  Log:25 - Подключаемся к базе данных world
2021-08-19 23:54:17 INFO  Log:25 - Подключение к базе данных прошло успешно
2021-08-19 23:54:17 INFO  Log:25 - Отправка запроса в БД: SELECT SQUARE FROM continents WHERE ID=1
2021-08-19 23:54:17 INFO  Log:25 - Подключаемся к базе данных world
2021-08-19 23:54:18 INFO  Log:25 - Подключение к базе данных прошло успешно
2021-08-19 23:54:18 INFO  Log:25 - Результаты запроса
+------+
|SQUARE|
+------+
|  44.7|
+------+

2021-08-19 23:54:18 INFO  Log:25 - Соединение к базе данных закрыто
2021-08-19 23:54:18 INFO  Log:25 - Набор результатов успешно закрыт
2021-08-19 23:54:18 INFO  Log:25 - Заявление успешно закрыто
2021-08-19 23:54:18 INFO  Log:25 - ------- Тест завершен: Изменение данных в таблице -------
2021-08-19 23:54:18 INFO  Log:25 - ------- Начало теста: Отправка простого SELECT запроса -------
2021-08-19 23:54:18 INFO  Log:25 - Подключаемся к базе данных world
2021-08-19 23:54:18 INFO  Log:25 - Подключение к базе данных прошло успешно
2021-08-19 23:54:18 INFO  Log:25 - Подключаемся к базе данных world
2021-08-19 23:54:18 INFO  Log:25 - Подключение к базе данных прошло успешно
2021-08-19 23:54:18 INFO  Log:25 - Отправка запроса в БД: SELECT * FROM continents
2021-08-19 23:54:18 INFO  Log:25 - Подключаемся к базе данных world
2021-08-19 23:54:18 INFO  Log:25 - Подключение к базе данных прошло успешно
2021-08-19 23:54:18 INFO  Log:25 - Результаты запроса
+----+-------------+------+-------+
|  ID|NAME_MAINLAND|SQUARE|PERCENT|
+----+-------------+------+-------+
|   1|Europe       |  44.7|8%     |
+----+-------------+------+-------+
+----+-------------+------+-------+
|  ID|NAME_MAINLAND|SQUARE|PERCENT|
+----+-------------+------+-------+
|   2|Asia         |  43.4|29%    |
+----+-------------+------+-------+

2021-08-19 23:54:18 INFO  Log:25 - Соединение к базе данных закрыто
2021-08-19 23:54:18 INFO  Log:25 - Набор результатов успешно закрыт
2021-08-19 23:54:18 INFO  Log:25 - Заявление успешно закрыто
2021-08-19 23:54:18 INFO  Log:25 - ------- Тест завершен: Отправка простого SELECT запроса -------
2021-08-19 23:54:18 INFO  Log:25 - ------- Начало теста: Отправка SELECT запроса с условием where -------
2021-08-19 23:54:18 INFO  Log:25 - Подключаемся к базе данных world
2021-08-19 23:54:18 INFO  Log:25 - Подключение к базе данных прошло успешно
2021-08-19 23:54:18 INFO  Log:25 - Подключаемся к базе данных world
2021-08-19 23:54:18 INFO  Log:25 - Подключение к базе данных прошло успешно
2021-08-19 23:54:18 INFO  Log:25 - Отправка запроса в БД: SELECT * FROM continents WHERE id='2'
2021-08-19 23:54:18 INFO  Log:25 - Подключаемся к базе данных world
2021-08-19 23:54:18 INFO  Log:25 - Подключение к базе данных прошло успешно
2021-08-19 23:54:18 INFO  Log:25 - Результаты запроса
+----+-------------+------+-------+
|  ID|NAME_MAINLAND|SQUARE|PERCENT|
+----+-------------+------+-------+
|   2|Asia         |  43.4|29%    |
+----+-------------+------+-------+

2021-08-19 23:54:18 INFO  Log:25 - Соединение к базе данных закрыто
2021-08-19 23:54:18 INFO  Log:25 - Набор результатов успешно закрыт
2021-08-19 23:54:18 INFO  Log:25 - Заявление успешно закрыто
2021-08-19 23:54:18 INFO  Log:25 - ------- Тест завершен: Отправка SELECT запроса с условием where -------
2021-08-19 23:58:45 INFO  Log:25 - ------- Начало теста: Проверка создания таблицы в БД -------
2021-08-19 23:58:45 INFO  Log:25 - Подключаемся к базе данных world
2021-08-19 23:58:47 INFO  Log:25 - Подключение к базе данных прошло успешно
2021-08-19 23:58:47 INFO  Log:25 - Подключаемся к базе данных world
2021-08-19 23:58:47 INFO  Log:25 - Подключение к базе данных прошло успешно
2021-08-19 23:58:47 INFO  Log:25 - Отправление запроса к БД
2021-08-19 23:58:47 INFO  Log:25 - Таблица создана успешно
2021-08-19 23:58:47 INFO  Log:25 - Соединение к базе данных закрыто
2021-08-19 23:58:47 INFO  Log:25 - Заявление успешно закрыто
2021-08-19 23:58:47 INFO  Log:25 - ------- Тест завершен: Проверка создания таблицы в БД -------
2021-08-19 23:58:47 INFO  Log:25 - ------- Начало теста: Добовление данных в таблицу -------
2021-08-19 23:58:47 INFO  Log:25 - Подключаемся к базе данных world
2021-08-19 23:58:48 INFO  Log:25 - Подключение к базе данных прошло успешно
2021-08-19 23:58:48 INFO  Log:25 - Подключаемся к базе данных world
2021-08-19 23:58:48 INFO  Log:25 - Подключение к базе данных прошло успешно
2021-08-19 23:58:48 INFO  Log:25 - Отправка запроса в БД INSERT INTO continents (ID, NAME_MAINLAND, SQUARE, PERCENT) VALUES (1, 'Europe', 11.5, '8%'),(2, 'Asia', 43.4, '29%')
2021-08-19 23:58:48 INFO  Log:25 - Новые данные были добавлены в таблицу
2021-08-19 23:58:48 INFO  Log:25 - Подключаемся к базе данных world
2021-08-19 23:58:48 INFO  Log:25 - Подключение к базе данных прошло успешно
2021-08-19 23:58:48 INFO  Log:25 - Отправка запроса в БД: SELECT * FROM continents
2021-08-19 23:58:48 INFO  Log:25 - Подключаемся к базе данных world
2021-08-19 23:58:48 INFO  Log:25 - Подключение к базе данных прошло успешно
2021-08-19 23:58:49 INFO  Log:25 - Результаты запроса
+----+-------------+------+-------+
|  ID|NAME_MAINLAND|SQUARE|PERCENT|
+----+-------------+------+-------+
|   1|Europe       |  11.5|8%     |
+----+-------------+------+-------+
+----+-------------+------+-------+
|  ID|NAME_MAINLAND|SQUARE|PERCENT|
+----+-------------+------+-------+
|   2|Asia         |  43.4|29%    |
+----+-------------+------+-------+

2021-08-19 23:58:49 INFO  Log:25 - Соединение к базе данных закрыто
2021-08-19 23:58:49 INFO  Log:25 - Набор результатов успешно закрыт
2021-08-19 23:58:49 INFO  Log:25 - Заявление успешно закрыто
2021-08-19 23:58:49 INFO  Log:25 - ------- Тест завершен: Добовление данных в таблицу -------
2021-08-19 23:58:49 INFO  Log:25 - ------- Начало теста: Изменение данных в таблице -------
2021-08-19 23:58:49 INFO  Log:25 - Подключаемся к базе данных world
2021-08-19 23:58:49 INFO  Log:25 - Подключение к базе данных прошло успешно
2021-08-19 23:58:49 INFO  Log:25 - Подключаемся к базе данных world
2021-08-19 23:58:49 INFO  Log:25 - Подключение к базе данных прошло успешно
2021-08-19 23:58:49 INFO  Log:25 - Отправка запроса в БД UPDATE continents SET SQUARE = 44.7 WHERE ID='1'
2021-08-19 23:58:49 INFO  Log:25 - Данные были обнавлены
2021-08-19 23:58:49 INFO  Log:25 - Подключаемся к базе данных world
2021-08-19 23:58:49 INFO  Log:25 - Подключение к базе данных прошло успешно
2021-08-19 23:58:49 INFO  Log:25 - Отправка запроса в БД: SELECT SQUARE FROM continents WHERE ID=1
2021-08-19 23:58:49 INFO  Log:25 - Подключаемся к базе данных world
2021-08-19 23:58:49 INFO  Log:25 - Подключение к базе данных прошло успешно
2021-08-19 23:58:49 INFO  Log:25 - Результаты запроса
+------+
|SQUARE|
+------+
|  44.7|
+------+

2021-08-19 23:58:49 INFO  Log:25 - Соединение к базе данных закрыто
2021-08-19 23:58:49 INFO  Log:25 - Набор результатов успешно закрыт
2021-08-19 23:58:49 INFO  Log:25 - Заявление успешно закрыто
2021-08-19 23:58:49 INFO  Log:25 - ------- Тест завершен: Изменение данных в таблице -------
2021-08-19 23:58:49 INFO  Log:25 - ------- Начало теста: Отправка простого SELECT запроса -------
2021-08-19 23:58:49 INFO  Log:25 - Подключаемся к базе данных world
2021-08-19 23:58:49 INFO  Log:25 - Подключение к базе данных прошло успешно
2021-08-19 23:58:49 INFO  Log:25 - Подключаемся к базе данных world
2021-08-19 23:58:49 INFO  Log:25 - Подключение к базе данных прошло успешно
2021-08-19 23:58:49 INFO  Log:25 - Отправка запроса в БД: SELECT * FROM continents
2021-08-19 23:58:49 INFO  Log:25 - Подключаемся к базе данных world
2021-08-19 23:58:49 INFO  Log:25 - Подключение к базе данных прошло успешно
2021-08-19 23:58:49 INFO  Log:25 - Результаты запроса
+----+-------------+------+-------+
|  ID|NAME_MAINLAND|SQUARE|PERCENT|
+----+-------------+------+-------+
|   1|Europe       |  44.7|8%     |
+----+-------------+------+-------+
+----+-------------+------+-------+
|  ID|NAME_MAINLAND|SQUARE|PERCENT|
+----+-------------+------+-------+
|   2|Asia         |  43.4|29%    |
+----+-------------+------+-------+

2021-08-19 23:58:49 INFO  Log:25 - Соединение к базе данных закрыто
2021-08-19 23:58:49 INFO  Log:25 - Набор результатов успешно закрыт
2021-08-19 23:58:49 INFO  Log:25 - Заявление успешно закрыто
2021-08-19 23:58:49 INFO  Log:25 - ------- Тест завершен: Отправка простого SELECT запроса -------
2021-08-19 23:58:49 INFO  Log:25 - ------- Начало теста: Отправка SELECT запроса с условием where -------
2021-08-19 23:58:49 INFO  Log:25 - Подключаемся к базе данных world
2021-08-19 23:58:50 INFO  Log:25 - Подключение к базе данных прошло успешно
2021-08-19 23:58:50 INFO  Log:25 - Подключаемся к базе данных world
2021-08-19 23:58:50 INFO  Log:25 - Подключение к базе данных прошло успешно
2021-08-19 23:58:50 INFO  Log:25 - Отправка запроса в БД: SELECT * FROM continents WHERE id=2
2021-08-19 23:58:50 INFO  Log:25 - Подключаемся к базе данных world
2021-08-19 23:58:50 INFO  Log:25 - Подключение к базе данных прошло успешно
2021-08-19 23:58:50 INFO  Log:25 - Результаты запроса
+----+-------------+------+-------+
|  ID|NAME_MAINLAND|SQUARE|PERCENT|
+----+-------------+------+-------+
|   2|Asia         |  43.4|29%    |
+----+-------------+------+-------+

2021-08-19 23:58:50 INFO  Log:25 - Соединение к базе данных закрыто
2021-08-19 23:58:50 INFO  Log:25 - Набор результатов успешно закрыт
2021-08-19 23:58:50 INFO  Log:25 - Заявление успешно закрыто
2021-08-19 23:58:50 INFO  Log:25 - ------- Тест завершен: Отправка SELECT запроса с условием where -------
2021-08-19 23:58:50 INFO  Log:25 - ------- Начало теста: Удаление данных из таблицы -------
2021-08-19 23:58:50 INFO  Log:25 - Подключаемся к базе данных world
2021-08-19 23:58:50 INFO  Log:25 - Подключение к базе данных прошло успешно
2021-08-19 23:58:50 INFO  Log:25 - Отправка запросаDELETE FROM continents WHERE ID=1
2021-08-19 23:58:50 INFO  Log:25 - Подключаемся к базе данных world
2021-08-19 23:58:50 INFO  Log:25 - Подключение к базе данных прошло успешно
2021-08-19 23:58:50 INFO  Log:25 - Удаление из таблицы прошло успешно
2021-08-19 23:58:50 INFO  Log:25 - Соединение к базе данных закрыто
2021-08-19 23:58:50 INFO  Log:25 - Набор результатов успешно закрыт
2021-08-19 23:58:50 INFO  Log:25 - Заявление успешно закрыто
2021-08-19 23:58:50 INFO  Log:25 - ------- Тест завершен: Удаление данных из таблицы -------
2021-08-20 00:01:46 INFO  Log:25 - ------- Начало теста: Проверка создания таблицы в БД -------
2021-08-20 00:01:46 INFO  Log:25 - Подключаемся к базе данных world
2021-08-20 00:01:48 INFO  Log:25 - Подключение к базе данных прошло успешно
2021-08-20 00:01:48 INFO  Log:25 - Подключаемся к базе данных world
2021-08-20 00:01:48 INFO  Log:25 - Подключение к базе данных прошло успешно
2021-08-20 00:01:48 INFO  Log:25 - Отправление запроса к БД
2021-08-20 00:01:48 INFO  Log:25 - Таблица создана успешно
2021-08-20 00:01:48 INFO  Log:25 - Соединение к базе данных закрыто
2021-08-20 00:01:48 INFO  Log:25 - Заявление успешно закрыто
2021-08-20 00:01:48 INFO  Log:25 - ------- Тест завершен: Проверка создания таблицы в БД -------
2021-08-20 00:01:48 INFO  Log:25 - ------- Начало теста: Добовление данных в таблицу -------
2021-08-20 00:01:48 INFO  Log:25 - Подключаемся к базе данных world
2021-08-20 00:01:48 INFO  Log:25 - Подключение к базе данных прошло успешно
2021-08-20 00:01:48 INFO  Log:25 - Подключаемся к базе данных world
2021-08-20 00:01:48 INFO  Log:25 - Подключение к базе данных прошло успешно
2021-08-20 00:01:48 INFO  Log:25 - Отправка запроса в БД INSERT INTO continents (ID, NAME_MAINLAND, SQUARE, PERCENT) VALUES (1, 'Europe', 11.5, '8%'),(2, 'Asia', 43.4, '29%')
2021-08-20 00:01:48 INFO  Log:25 - Новые данные были добавлены в таблицу
2021-08-20 00:01:48 INFO  Log:25 - Подключаемся к базе данных world
2021-08-20 00:01:49 INFO  Log:25 - Подключение к базе данных прошло успешно
2021-08-20 00:01:49 INFO  Log:25 - Отправка запроса в БД: SELECT * FROM continents
2021-08-20 00:01:49 INFO  Log:25 - Подключаемся к базе данных world
2021-08-20 00:01:49 INFO  Log:25 - Подключение к базе данных прошло успешно
2021-08-20 00:01:50 INFO  Log:25 - Результаты запроса
+----+-------------+------+-------+
|  ID|NAME_MAINLAND|SQUARE|PERCENT|
+----+-------------+------+-------+
|   1|Europe       |  11.5|8%     |
+----+-------------+------+-------+
+----+-------------+------+-------+
|  ID|NAME_MAINLAND|SQUARE|PERCENT|
+----+-------------+------+-------+
|   2|Asia         |  43.4|29%    |
+----+-------------+------+-------+

2021-08-20 00:01:50 INFO  Log:25 - Соединение к базе данных закрыто
2021-08-20 00:01:50 INFO  Log:25 - Набор результатов успешно закрыт
2021-08-20 00:01:50 INFO  Log:25 - Заявление успешно закрыто
2021-08-20 00:01:50 INFO  Log:25 - ------- Тест завершен: Добовление данных в таблицу -------
2021-08-20 00:01:50 INFO  Log:25 - ------- Начало теста: Изменение данных в таблице -------
2021-08-20 00:01:50 INFO  Log:25 - Подключаемся к базе данных world
2021-08-20 00:01:50 INFO  Log:25 - Подключение к базе данных прошло успешно
2021-08-20 00:01:50 INFO  Log:25 - Подключаемся к базе данных world
2021-08-20 00:01:50 INFO  Log:25 - Подключение к базе данных прошло успешно
2021-08-20 00:01:50 INFO  Log:25 - Отправка запроса в БД UPDATE continents SET SQUARE = 44.7 WHERE ID='1'
2021-08-20 00:01:50 INFO  Log:25 - Данные были обнавлены
2021-08-20 00:01:50 INFO  Log:25 - Подключаемся к базе данных world
2021-08-20 00:01:50 INFO  Log:25 - Подключение к базе данных прошло успешно
2021-08-20 00:01:50 INFO  Log:25 - Отправка запроса в БД: SELECT SQUARE FROM continents WHERE ID=1
2021-08-20 00:01:50 INFO  Log:25 - Подключаемся к базе данных world
2021-08-20 00:01:50 INFO  Log:25 - Подключение к базе данных прошло успешно
2021-08-20 00:01:50 INFO  Log:25 - Результаты запроса
+------+
|SQUARE|
+------+
|  44.7|
+------+

2021-08-20 00:01:50 INFO  Log:25 - Соединение к базе данных закрыто
2021-08-20 00:01:50 INFO  Log:25 - Набор результатов успешно закрыт
2021-08-20 00:01:50 INFO  Log:25 - Заявление успешно закрыто
2021-08-20 00:01:50 INFO  Log:25 - ------- Тест завершен: Изменение данных в таблице -------
2021-08-20 00:01:50 INFO  Log:25 - ------- Начало теста: Отправка простого SELECT запроса -------
2021-08-20 00:01:50 INFO  Log:25 - Подключаемся к базе данных world
2021-08-20 00:01:50 INFO  Log:25 - Подключение к базе данных прошло успешно
2021-08-20 00:01:50 INFO  Log:25 - Подключаемся к базе данных world
2021-08-20 00:01:50 INFO  Log:25 - Подключение к базе данных прошло успешно
2021-08-20 00:01:50 INFO  Log:25 - Отправка запроса в БД: SELECT * FROM continents
2021-08-20 00:01:50 INFO  Log:25 - Подключаемся к базе данных world
2021-08-20 00:01:50 INFO  Log:25 - Подключение к базе данных прошло успешно
2021-08-20 00:01:50 INFO  Log:25 - Результаты запроса
+----+-------------+------+-------+
|  ID|NAME_MAINLAND|SQUARE|PERCENT|
+----+-------------+------+-------+
|   1|Europe       |  44.7|8%     |
+----+-------------+------+-------+
+----+-------------+------+-------+
|  ID|NAME_MAINLAND|SQUARE|PERCENT|
+----+-------------+------+-------+
|   2|Asia         |  43.4|29%    |
+----+-------------+------+-------+

2021-08-20 00:01:50 INFO  Log:25 - Соединение к базе данных закрыто
2021-08-20 00:01:50 INFO  Log:25 - Набор результатов успешно закрыт
2021-08-20 00:01:50 INFO  Log:25 - Заявление успешно закрыто
2021-08-20 00:01:50 INFO  Log:25 - ------- Тест завершен: Отправка простого SELECT запроса -------
2021-08-20 00:01:50 INFO  Log:25 - ------- Начало теста: Отправка SELECT запроса с условием where -------
2021-08-20 00:01:50 INFO  Log:25 - Подключаемся к базе данных world
2021-08-20 00:01:50 INFO  Log:25 - Подключение к базе данных прошло успешно
2021-08-20 00:01:50 INFO  Log:25 - Подключаемся к базе данных world
2021-08-20 00:01:50 INFO  Log:25 - Подключение к базе данных прошло успешно
2021-08-20 00:01:50 INFO  Log:25 - Отправка запроса в БД: SELECT * FROM continents WHERE id=2
2021-08-20 00:01:50 INFO  Log:25 - Подключаемся к базе данных world
2021-08-20 00:01:51 INFO  Log:25 - Подключение к базе данных прошло успешно
2021-08-20 00:01:51 INFO  Log:25 - Результаты запроса
+----+-------------+------+-------+
|  ID|NAME_MAINLAND|SQUARE|PERCENT|
+----+-------------+------+-------+
|   2|Asia         |  43.4|29%    |
+----+-------------+------+-------+

2021-08-20 00:01:51 INFO  Log:25 - Соединение к базе данных закрыто
2021-08-20 00:01:51 INFO  Log:25 - Набор результатов успешно закрыт
2021-08-20 00:01:51 INFO  Log:25 - Заявление успешно закрыто
2021-08-20 00:01:51 INFO  Log:25 - ------- Тест завершен: Отправка SELECT запроса с условием where -------
2021-08-20 00:01:51 INFO  Log:25 - ------- Начало теста: Удаление данных из таблицы -------
2021-08-20 00:01:51 INFO  Log:25 - Подключаемся к базе данных world
2021-08-20 00:01:51 INFO  Log:25 - Подключение к базе данных прошло успешно
2021-08-20 00:01:51 INFO  Log:25 - Отправка запросаDELETE FROM continents WHERE ID=1
2021-08-20 00:01:51 INFO  Log:25 - Подключаемся к базе данных world
2021-08-20 00:01:51 INFO  Log:25 - Подключение к базе данных прошло успешно
2021-08-20 00:01:51 INFO  Log:25 - Удаление из таблицы прошло успешно
2021-08-20 00:01:51 INFO  Log:25 - Соединение к базе данных закрыто
2021-08-20 00:01:51 INFO  Log:25 - Набор результатов успешно закрыт
2021-08-20 00:01:51 INFO  Log:25 - Заявление успешно закрыто
2021-08-20 00:01:51 INFO  Log:25 - ------- Тест завершен: Удаление данных из таблицы -------
2021-08-20 00:01:51 INFO  Log:25 - ------- Начало теста: Проверка удаления таблицы из БД -------
2021-08-20 00:01:51 INFO  Log:25 - Подключаемся к базе данных world
2021-08-20 00:01:51 INFO  Log:25 - Подключение к базе данных прошло успешно
2021-08-20 00:01:51 INFO  Log:25 - Подключаемся к базе данных world
2021-08-20 00:01:51 INFO  Log:25 - Подключение к базе данных прошло успешно
2021-08-20 00:01:51 INFO  Log:25 - Отправление запроса к БД на удаление таблицы
2021-08-20 00:01:51 INFO  Log:25 - Таблица удалена
2021-08-20 00:01:51 INFO  Log:25 - Соединение к базе данных закрыто
2021-08-20 00:01:51 INFO  Log:25 - Набор результатов успешно закрыт
2021-08-20 00:01:51 INFO  Log:25 - Заявление успешно закрыто
2021-08-20 00:01:51 INFO  Log:25 - ------- Тест завершен: Проверка удаления таблицы из БД -------
